<?xml version="1.0" encoding="UTF-8"?>
<!-- Generated by org.testng.reporters.JUnitReportReporter -->
<testsuite hostname="DESKTOP-CMMN98B" failures="0" tests="1" name="RequestChaining.Scenario_2_AddEmployeeToProject" time="10.277" errors="0" timestamp="2024-06-22T10:48:55 IST" skipped="0">
  <testcase classname="RequestChaining.Scenario_2_AddEmployeeToProject" name="scenario01" time="10.277"/>
  <system-out/>
</testsuite> <!-- RequestChaining.Scenario_2_AddEmployeeToProject -->
