<?xml version="1.0" encoding="UTF-8"?>
<!-- Generated by org.testng.reporters.JUnitReportReporter -->
<testsuite hostname="DESKTOP-CMMN98B" failures="0" tests="1" name="PracticeValidation.Complex_JsonXpath_for_Dynamic_Response_Payload" time="6.170" errors="0" timestamp="2024-06-21T20:01:45 IST" skipped="0">
  <testcase classname="PracticeValidation.Complex_JsonXpath_for_Dynamic_Response_Payload" name="sampleTest" time="6.170"/>
  <system-out/>
</testsuite> <!-- PracticeValidation.Complex_JsonXpath_for_Dynamic_Response_Payload -->
