<?xml version="1.0" encoding="UTF-8"?>
<!-- Generated by org.testng.reporters.JUnitReportReporter -->
<testsuite hostname="DESKTOP-CMMN98B" failures="0" tests="1" name="pac.SampleTest" time="8.466" errors="0" timestamp="2024-06-20T18:38:25 IST" skipped="0">
  <testcase classname="pac.SampleTest" name="SampleGetReqTest" time="8.466"/>
  <system-out/>
</testsuite> <!-- pac.SampleTest -->
