<?xml version="1.0" encoding="UTF-8"?>
<!-- Generated by org.testng.reporters.JUnitReportReporter -->
<testsuite hostname="DESKTOP-CMMN98B" failures="0" tests="1" name="CreditCard.PaymentTest" time="7.690" errors="0" timestamp="2024-07-01T12:48:03 IST" skipped="0">
  <testcase classname="CreditCard.PaymentTest" name="sampleTest" time="7.690"/>
  <system-out/>
</testsuite> <!-- CreditCard.PaymentTest -->
