<?xml version="1.0" encoding="UTF-8"?>
<!-- Generated by org.testng.reporters.JUnitReportReporter -->
<testsuite hostname="DESKTOP-CMMN98B" failures="0" tests="1" name="PracticeValidation.OpenSourceToolforjsonPathextraction" time="8.963" errors="0" timestamp="2024-06-21T19:48:34 IST" skipped="0">
  <testcase classname="PracticeValidation.OpenSourceToolforjsonPathextraction" name="ExtractVerify" time="8.963"/>
  <system-out/>
</testsuite> <!-- PracticeValidation.OpenSourceToolforjsonPathextraction -->
