<?xml version="1.0" encoding="UTF-8"?>
<!-- Generated by org.testng.reporters.JUnitReportReporter -->
<testsuite hostname="DESKTOP-CMMN98B" failures="0" tests="1" name="PracticeValidation.VerifyData_complexJsonxpath" time="3.972" errors="0" timestamp="2024-06-21T19:31:01 IST" skipped="0">
  <testcase classname="PracticeValidation.VerifyData_complexJsonxpath" name="sampleTest" time="3.972"/>
  <system-out/>
</testsuite> <!-- PracticeValidation.VerifyData_complexJsonxpath -->
