<?xml version="1.0" encoding="UTF-8"?>
<!-- Generated by org.testng.reporters.JUnitReportReporter -->
<testsuite hostname="DESKTOP-CMMN98B" failures="0" tests="1" name="Practice.postRequest.Type.PostReq_Via_JSONFile" time="6.062" errors="0" timestamp="2024-06-21T16:35:47 IST" skipped="0">
  <testcase classname="Practice.postRequest.Type.PostReq_Via_JSONFile" name="postRequestToServer" time="6.062"/>
  <system-out/>
</testsuite> <!-- Practice.postRequest.Type.PostReq_Via_JSONFile -->
