<?xml version="1.0" encoding="UTF-8"?>
<!-- Generated by org.testng.reporters.JUnitReportReporter -->
<testsuite hostname="DESKTOP-CMMN98B" failures="0" tests="1" name="Run1_JacksonSerTest" time="9.763" errors="0" timestamp="2024-07-01T23:05:14 IST" skipped="0">
  <testcase classname="Run1_JacksonSerTest" name="Test" time="9.763"/>
  <system-out/>
</testsuite> <!-- Run1_JacksonSerTest -->
