<?xml version="1.0" encoding="UTF-8"?>
<!-- Generated by org.testng.reporters.JUnitReportReporter -->
<testsuite hostname="DESKTOP-CMMN98B" failures="0" tests="1" name="TypesOfParameter.FormParamTest" time="8.464" errors="0" timestamp="2024-06-25T16:31:43 IST" skipped="0">
  <testcase classname="TypesOfParameter.FormParamTest" name="sampleTest" time="8.464"/>
  <system-out/>
</testsuite> <!-- TypesOfParameter.FormParamTest -->
