<?xml version="1.0" encoding="UTF-8"?>
<!-- Generated by org.testng.reporters.JUnitReportReporter -->
<testsuite hostname="DESKTOP-CMMN98B" failures="0" tests="1" name="com.sample.crud.withoutBdd.SampleTestForRead" time="8.213" errors="0" timestamp="2024-06-27T13:16:58 IST" skipped="0">
  <testcase classname="com.sample.crud.withoutBdd.SampleTestForRead" name="getDataFromServer" time="8.213"/>
  <system-out/>
</testsuite> <!-- com.sample.crud.withoutBdd.SampleTestForRead -->
