<?xml version="1.0" encoding="UTF-8"?>
<!-- Generated by org.testng.reporters.JUnitReportReporter -->
<testsuite hostname="DESKTOP-CMMN98B" failures="0" tests="1" name="TypesOfParameter.QueryParamTest" time="6.074" errors="0" timestamp="2024-06-22T14:26:28 IST" skipped="0">
  <testcase classname="TypesOfParameter.QueryParamTest" name="sampleTest" time="6.074"/>
  <system-out/>
</testsuite> <!-- TypesOfParameter.QueryParamTest -->
