<?xml version="1.0" encoding="UTF-8"?>
<!-- Generated by org.testng.reporters.JUnitReportReporter -->
<testsuite hostname="DESKTOP-CMMN98B" failures="0" tests="1" name="com.sample.crud.withBdd.SampleTestForDelete" time="5.290" errors="0" timestamp="2024-06-21T10:51:40 IST" skipped="0">
  <testcase classname="com.sample.crud.withBdd.SampleTestForDelete" name="getDataFromServer" time="5.290"/>
  <system-out/>
</testsuite> <!-- com.sample.crud.withBdd.SampleTestForDelete -->
