<?xml version="1.0" encoding="UTF-8"?>
<!-- Generated by org.testng.reporters.JUnitReportReporter -->
<testsuite hostname="DESKTOP-CMMN98B" failures="0" tests="1" name="RequestChaining.Scenario03_getpayrollInfo" time="5.765" errors="0" timestamp="2024-06-22T11:24:37 IST" skipped="0">
  <testcase classname="RequestChaining.Scenario03_getpayrollInfo" name="sampleTest" time="5.765"/>
  <system-out/>
</testsuite> <!-- RequestChaining.Scenario03_getpayrollInfo -->
