<?xml version="1.0" encoding="UTF-8"?>
<!-- Generated by org.testng.reporters.JUnitReportReporter -->
<testsuite hostname="DESKTOP-CMMN98B" failures="0" tests="1" name="com.sample.crud.withBdd.SampleTestForCreate" time="6.304" errors="0" timestamp="2024-06-22T13:30:10 IST" skipped="0">
  <testcase classname="com.sample.crud.withBdd.SampleTestForCreate" name="getDataFromServer" time="6.304"/>
  <system-out/>
</testsuite> <!-- com.sample.crud.withBdd.SampleTestForCreate -->
