<?xml version="1.0" encoding="UTF-8"?>
<!-- Generated by org.testng.reporters.JUnitReportReporter -->
<testsuite hostname="DESKTOP-CMMN98B" failures="0" tests="1" name="AuthTest.BearesTokenAuth2_0" time="7.889" errors="0" timestamp="2024-06-25T15:15:28 IST" skipped="0">
  <testcase classname="AuthTest.BearesTokenAuth2_0" name="SampleTest" time="7.889"/>
  <system-out/>
</testsuite> <!-- AuthTest.BearesTokenAuth2_0 -->
