<?xml version="1.0" encoding="UTF-8"?>
<!-- Generated by org.testng.reporters.JUnitReportReporter -->
<testsuite hostname="DESKTOP-CMMN98B" failures="0" tests="1" name="encryption.AESSnpWithJsonTest" time="0.220" errors="0" timestamp="2024-06-27T12:47:51 IST" skipped="0">
  <testcase classname="encryption.AESSnpWithJsonTest" name="sampleTest" time="0.220"/>
  <system-out/>
</testsuite> <!-- encryption.AESSnpWithJsonTest -->
