<?xml version="1.0" encoding="UTF-8"?>
<!-- Generated by org.testng.reporters.JUnitReportReporter -->
<testsuite hostname="DESKTOP-CMMN98B" failures="0" tests="1" name="com.backend.testing.SampleTestUsingMtdChainingTest" time="6.777" errors="0" timestamp="2024-06-20T19:48:18 IST" skipped="0">
  <testcase classname="com.backend.testing.SampleTestUsingMtdChainingTest" name="getRequestTest" time="6.777"/>
  <system-out/>
</testsuite> <!-- com.backend.testing.SampleTestUsingMtdChainingTest -->
