<?xml version="1.0" encoding="UTF-8"?>
<!-- Generated by org.testng.reporters.JUnitReportReporter -->
<testsuite hostname="DESKTOP-CMMN98B" failures="0" tests="1" name="com.sample.crud.withoutBdd.SampleTestForUpdate" time="6.535" errors="0" timestamp="2024-06-21T10:13:30 IST" skipped="0">
  <testcase classname="com.sample.crud.withoutBdd.SampleTestForUpdate" name="getDataFromServer" time="6.535"/>
  <system-out/>
</testsuite> <!-- com.sample.crud.withoutBdd.SampleTestForUpdate -->
