<?xml version="1.0" encoding="UTF-8"?>
<!-- Generated by org.testng.reporters.JUnitReportReporter -->
<testsuite hostname="DESKTOP-CMMN98B" failures="0" tests="1" name="com.sample.crud.withBdd.SampleTestForUpdate" time="8.572" errors="0" timestamp="2024-06-21T10:47:44 IST" skipped="0">
  <testcase classname="com.sample.crud.withBdd.SampleTestForUpdate" name="getDataFromServer" time="8.572"/>
  <system-out/>
</testsuite> <!-- com.sample.crud.withBdd.SampleTestForUpdate -->
