<?xml version="1.0" encoding="UTF-8"?>
<!-- Generated by org.testng.reporters.JUnitReportReporter -->
<testsuite hostname="DESKTOP-CMMN98B" failures="0" tests="1" name="encryption.API_Encode_Test" time="4.762" errors="0" timestamp="2024-06-26T10:08:42 IST" skipped="0">
  <testcase classname="encryption.API_Encode_Test" name="sampleTest" time="4.762"/>
  <system-out/>
</testsuite> <!-- encryption.API_Encode_Test -->
