<?xml version="1.0" encoding="UTF-8"?>
<!-- Generated by org.testng.reporters.JUnitReportReporter -->
<testsuite hostname="DESKTOP-CMMN98B" failures="0" tests="1" name="com.sample.crud.withoutBdd.SampleTestForCreate" time="7.263" errors="0" timestamp="2024-06-21T10:05:12 IST" skipped="0">
  <testcase classname="com.sample.crud.withoutBdd.SampleTestForCreate" name="getDataFromServer" time="7.263"/>
  <system-out/>
</testsuite> <!-- com.sample.crud.withoutBdd.SampleTestForCreate -->
