<?xml version="1.0" encoding="UTF-8"?>
<!-- Generated by org.testng.reporters.JUnitReportReporter -->
<testsuite hostname="DESKTOP-CMMN98B" failures="0" tests="1" name="encryption.UpdatePayinfoViaAesEncryption" time="5.685" errors="0" timestamp="2024-06-27T13:25:26 IST" skipped="0">
  <testcase classname="encryption.UpdatePayinfoViaAesEncryption" name="sampleTest" time="5.685"/>
  <system-out/>
</testsuite> <!-- encryption.UpdatePayinfoViaAesEncryption -->
