<?xml version="1.0" encoding="UTF-8"?>
<!-- Generated by org.testng.reporters.JUnitReportReporter -->
<testsuite hostname="DESKTOP-CMMN98B" failures="0" tests="1" name="com.sample.crud.withoutBdd.SampleTestForDelete" time="5.814" errors="0" timestamp="2024-06-21T10:21:46 IST" skipped="0">
  <testcase classname="com.sample.crud.withoutBdd.SampleTestForDelete" name="getDataFromServer" time="5.814"/>
  <system-out/>
</testsuite> <!-- com.sample.crud.withoutBdd.SampleTestForDelete -->
