<?xml version="1.0" encoding="UTF-8"?>
<!-- Generated by org.testng.reporters.JUnitReportReporter -->
<testsuite hostname="DESKTOP-CMMN98B" failures="0" tests="1" name="PracticeValidation.OpenSourceToolforjsonPathextraction" time="7.917" errors="0" timestamp="2024-06-24T14:36:37 IST" skipped="0">
  <testcase classname="PracticeValidation.OpenSourceToolforjsonPathextraction" name="ExtractVerify" time="7.917"/>
  <system-out/>
</testsuite> <!-- PracticeValidation.OpenSourceToolforjsonPathextraction -->
