<?xml version="1.0" encoding="UTF-8"?>
<!-- Generated by org.testng.reporters.JUnitReportReporter -->
<testsuite hostname="DESKTOP-CMMN98B" failures="0" tests="1" name="pac.Run1_forMethodChaining" time="0.040" errors="0" timestamp="2024-06-20T19:16:50 IST" skipped="0">
  <testcase classname="pac.Run1_forMethodChaining" name="sampleTest" time="0.040"/>
  <system-out/>
</testsuite> <!-- pac.Run1_forMethodChaining -->
