<?xml version="1.0" encoding="UTF-8"?>
<!-- Generated by org.testng.reporters.JUnitReportReporter -->
<testsuite hostname="DESKTOP-CMMN98B" failures="0" tests="1" name="encryption.AESSnpTest" time="0.249" errors="0" timestamp="2024-06-27T12:43:49 IST" skipped="0">
  <testcase classname="encryption.AESSnpTest" name="sampleTest" time="0.249"/>
  <system-out/>
</testsuite> <!-- encryption.AESSnpTest -->
