<?xml version="1.0" encoding="UTF-8"?>
<!-- Generated by org.testng.reporters.JUnitReportReporter -->
<testsuite hostname="DESKTOP-CMMN98B" failures="0" tests="1" name="PracticeValidation.Extract_Response_Using_Json_Path" time="5.562" errors="0" timestamp="2024-06-21T19:55:57 IST" skipped="0">
  <testcase classname="PracticeValidation.Extract_Response_Using_Json_Path" name="sampleTest" time="5.562"/>
  <system-out/>
</testsuite> <!-- PracticeValidation.Extract_Response_Using_Json_Path -->
