<?xml version="1.0" encoding="UTF-8"?>
<!-- Generated by org.testng.reporters.JUnitReportReporter -->
<testsuite hostname="DESKTOP-CMMN98B" failures="0" tests="1" name="TypesOfParameter.PathParamTest" time="5.865" errors="0" timestamp="2024-06-22T13:30:58 IST" skipped="0">
  <testcase classname="TypesOfParameter.PathParamTest" name="sampleTest" time="5.865"/>
  <system-out/>
</testsuite> <!-- TypesOfParameter.PathParamTest -->
