<?xml version="1.0" encoding="UTF-8"?>
<!-- Generated by org.testng.reporters.JUnitReportReporter -->
<testsuite hostname="DESKTOP-CMMN98B" failures="0" tests="1" name="PracticeValidation.VarifyResponseBody_Vai_JsonPath" time="5.078" errors="0" timestamp="2024-06-21T18:53:13 IST" skipped="0">
  <testcase classname="PracticeValidation.VarifyResponseBody_Vai_JsonPath" name="sampleTest" time="5.078"/>
  <system-out/>
</testsuite> <!-- PracticeValidation.VarifyResponseBody_Vai_JsonPath -->
