<?xml version="1.0" encoding="UTF-8"?>
<!-- Generated by org.testng.reporters.JUnitReportReporter -->
<testsuite hostname="DESKTOP-CMMN98B" failures="0" tests="1" name="pac.Run1" time="0.045" errors="0" timestamp="2024-06-20T18:50:10 IST" skipped="0">
  <testcase classname="pac.Run1" name="sampleTest" time="0.045"/>
  <system-out/>
</testsuite> <!-- pac.Run1 -->
