<?xml version="1.0" encoding="UTF-8"?>
<!-- Generated by org.testng.reporters.JUnitReportReporter -->
<testsuite hostname="DESKTOP-CMMN98B" failures="0" tests="1" name="com.sample.crud.withoutBdd.SampleTestForRead" time="12.542" errors="0" timestamp="2024-06-21T09:53:16 IST" skipped="0">
  <testcase classname="com.sample.crud.withoutBdd.SampleTestForRead" name="getDataFromServer" time="12.542"/>
  <system-out/>
</testsuite> <!-- com.sample.crud.withoutBdd.SampleTestForRead -->
