<?xml version="1.0" encoding="UTF-8"?>
<!-- Generated by org.testng.reporters.JUnitReportReporter -->
<testsuite hostname="DESKTOP-CMMN98B" failures="0" tests="1" name="Practice.postRequest.Type.PostReq_Via_JSONFile" time="5.591" errors="0" timestamp="2024-06-22T15:58:09 IST" skipped="0">
  <testcase classname="Practice.postRequest.Type.PostReq_Via_JSONFile" name="postRequestToServer" time="5.591"/>
  <system-out/>
</testsuite> <!-- Practice.postRequest.Type.PostReq_Via_JSONFile -->
