<?xml version="1.0" encoding="UTF-8"?>
<!-- Generated by org.testng.reporters.JUnitReportReporter -->
<testsuite hostname="DESKTOP-CMMN98B" failures="0" tests="1" name="com.sample.crud.withBdd.SampleTestForRead" time="6.121" errors="0" timestamp="2024-06-21T10:39:03 IST" skipped="0">
  <testcase classname="com.sample.crud.withBdd.SampleTestForRead" name="getDataFromServer" time="6.121"/>
  <system-out/>
</testsuite> <!-- com.sample.crud.withBdd.SampleTestForRead -->
