<?xml version="1.0" encoding="UTF-8"?>
<!-- Generated by org.testng.reporters.JUnitReportReporter -->
<testsuite hostname="DESKTOP-CMMN98B" failures="0" tests="1" name="encryption.EncodeAndDecodeTest" time="0.028" errors="0" timestamp="2024-06-26T10:11:47 IST" skipped="0">
  <testcase classname="encryption.EncodeAndDecodeTest" name="sampleTest" time="0.028"/>
  <system-out/>
</testsuite> <!-- encryption.EncodeAndDecodeTest -->
