<?xml version="1.0" encoding="UTF-8"?>
<!-- Generated by org.testng.reporters.JUnitReportReporter -->
<testsuite hostname="DESKTOP-CMMN98B" failures="0" tests="1" name="PracticeValidation.VarifyResponseTime" time="3.780" errors="0" timestamp="2024-06-21T17:50:48 IST" skipped="0">
  <testcase classname="PracticeValidation.VarifyResponseTime" name="verifyHeadder" time="3.780"/>
  <system-out/>
</testsuite> <!-- PracticeValidation.VarifyResponseTime -->
