<?xml version="1.0" encoding="UTF-8"?>
<!-- Generated by org.testng.reporters.JUnitReportReporter -->
<testsuite hostname="DESKTOP-CMMN98B" failures="0" tests="1" name="RequestChaining.Scenario_1_Delete_Project" time="9.014" errors="0" timestamp="2024-06-22T08:38:12 IST" skipped="0">
  <testcase classname="RequestChaining.Scenario_1_Delete_Project" name="postRequestToServer" time="9.014"/>
  <system-out/>
</testsuite> <!-- RequestChaining.Scenario_1_Delete_Project -->
