<?xml version="1.0" encoding="UTF-8"?>
<!-- Generated by org.testng.reporters.JUnitReportReporter -->
<testsuite hostname="DESKTOP-CMMN98B" failures="0" tests="2" name="Practice.postRequest.Type.PostReq_Via_POJO" time="9.184" errors="0" timestamp="2024-06-21T17:12:15 IST" skipped="0">
  <testcase classname="Practice.postRequest.Type.PostReq_Via_POJO" name="postRequestToServer" time="7.880"/>
  <system-out/>
  <testcase classname="Practice.postRequest.Type.PostReq_Via_POJO" name="test" time="1.304"/>
  <system-out/>
</testsuite> <!-- Practice.postRequest.Type.PostReq_Via_POJO -->
