<?xml version="1.0" encoding="UTF-8"?>
<!-- Generated by org.testng.reporters.JUnitReportReporter -->
<testsuite hostname="DESKTOP-CMMN98B" failures="0" tests="1" name="PracticeValidation.VarifyResponseHeader" time="3.855" errors="0" timestamp="2024-06-21T17:41:07 IST" skipped="0">
  <testcase classname="PracticeValidation.VarifyResponseHeader" name="verifyHeadder" time="3.855"/>
  <system-out/>
</testsuite> <!-- PracticeValidation.VarifyResponseHeader -->
