<?xml version="1.0" encoding="UTF-8"?>
<!-- Generated by org.testng.reporters.JUnitReportReporter -->
<testsuite hostname="DESKTOP-CMMN98B" failures="0" tests="1" name="AuthTest.BasicAuth" time="5.618" errors="0" timestamp="2024-06-25T13:03:42 IST" skipped="0">
  <testcase classname="AuthTest.BasicAuth" name="SampleTest" time="5.618"/>
  <system-out/>
</testsuite> <!-- AuthTest.BasicAuth -->
